No file feature known for printf in errors/%d-arguments-are-required,-%d.ini
No lower case name in code in errors/%s-and-%s-define-the-same-constant-(%s)-in-the-composition-of-%s.-however,-the-definition-differs-and-is-considered-incompatible.-class-was-composed.ini
No lower case name in code in errors/%s-cannot-use-%s---it-is-not-a-trait.ini
No lower case name in code in errors/'\%s'-is-an-invalid-class-name.ini
No lower case name in code in errors/'namespace\%s'-is-an-invalid-class-name.ini
No lower case name in code in errors/a-never-returning-method-must-not-return.ini
No lower case name in code in errors/access-level-to-%s::%s-must-be-%s-(as-in-%s-%s)%s.ini
No lower case name in code in errors/access-to-undeclared-static-property-%s::$%s.ini
No lower case name in code in errors/access-type-for-interface-constant-%s::%s-must-be-public.ini
No lower case name in code in errors/call-to-undefined-method-%s::%s().ini
No lower case name in code in errors/calling-get_class()-without-arguments-is-deprecated.ini
No lower case name in code in errors/cannot-assign-%s-to-class-constant-%s::%s-of-type.ini
No lower case name in code in errors/cannot-declare-promoted-property-outside-a-constructor.ini
No lower case name in code in errors/cannot-declare-self-referencing-constant.ini
No lower case name in code in errors/cannot-declare-variadic-promoted-property.ini
No lower case name in code in errors/cannot-inherit-previously-inherited-or-override-constant-%s-from-interface-%s.ini
No lower case name in code in errors/cannot-instantiate-enum-%s.ini
No lower case name in code in errors/cannot-make-non-abstract-method-i::foo()-abstract-in-class-j.ini
No lower case name in code in errors/cannot-modify-readonly-property-%s::$%s.ini
No lower case name in code in errors/cannot-override-final-property-hook-%s::%s().ini
No lower case name in code in errors/cannot-redefine-class-constant.ini
No lower case name in code in errors/cannot-specify-default-value-for-virtual-hooked-property-%s::$%s.ini
No lower case name in code in errors/cannot-throw-objects-that-do-not-implement-throwable.ini
No lower case name in code in errors/cannot-unset-hooked-property-%s::$%s.ini
No lower case name in code in errors/cannot-use-'mixed'-as-class-name-as-it-is-reserved.ini
No lower case name in code in errors/cannot-use-'never'-as-class-name-as-it-is-reserved.ini
No lower case name in code in errors/cannot-use-'readonly'-as-method-modifier.ini
No file feature known for reading in errors/cannot-use-[]-for-reading.ini
No file feature known for surprising in errors/cannot-use-temporary-expression-in-write-context.ini
No lower case name in code in errors/cannot-use-the-abstract-modifier-on-a-property-hook.ini
No lower case name in code in errors/cannot-use-the-abstract-modifier-on-a-property.ini
No lower case name in code in errors/cannot-use-the-final-modifier-on-a-property.ini
No lower case name in code in errors/class-%s-cannot-implement-previously-implemented-interface-%s.ini
No lower case name in code in errors/class-%s-is-not-a-trait.ini
No lower case name in code in errors/class-%s-must-implement-interface-%s-as-part-of-either-%s-or-%s.ini
No lower case name in code in errors/class-\"%s\"-not-found.ini
No lower case name in code in errors/class-constant-%s::%s-cannot-have-type-%s.ini
No lower case name in code in errors/class-declarations-may-not-be-nested.ini
No lower case name in code in errors/constant-expression-contains-invalid-operations.ini
No lower case name in code in errors/constructors-cannot-declare-a-return-type.ini
No file feature known for compatibility in errors/could-not-check-compatibility-between-%s-and-%s,-because-class-%s-is-not-available.ini
No file feature known for compatibility in errors/declaration-of-%s-must-be-compatible-with-%s.ini
No file feature known for compatibility in errors/declaration-of-y::foo()-must-be-compatible-with-x::foo($a).ini
No file feature known for math in errors/exponent-cannot-have-a-fractional-part.ini
No lower case name in code in errors/fetching-properties-on-non-enums-in-constant-expressions-is-not-allowed.ini
No lower case name in code in errors/ffi-api-is-restricted-by-\"ffi.enable\"-configuration-directive.ini
No lower case name in code in errors/has-#[\override]-attribute,-but-no-matching-parent-method-exists.ini
No lower case name in code in errors/hooked-properties-cannot-be-readonly.ini
No lower case name in code in errors/interface-%s-cannot-contain-non-abstract-method-%s().ini
No lower case name in code in errors/interfaces-may-not-include-properties.ini
No lower case name in code in errors/interfaces-may-only-include-hooked-properties.ini
No lower case name in code in errors/is-an-invalid-class-name.ini
No lower case name in code in errors/method-%s::%s()-cannot-be-static.ini
No lower case name in code in errors/multiple-access-type-modifiers-are-not-allowed.ini
No lower case name in code in errors/multiple-readonly-modifiers-are-not-allowed.ini
No lower case name in code in errors/multiple-static-modifiers-are-not-allowed.ini
No lower case name in code in errors/must-not-use-parent::$%s::%s()-in-a-different-property-($%s).ini
No lower case name in code in errors/non-enum-class-%s-cannot-implement-interface-%s.ini
No lower case name in code in errors/non-static-method-%s::%s()-cannot-be-called-statically.ini
No lower case name in code in errors/non-static-method-%s::%s()-should-not-be-called-statically.ini
No file feature known for automagic in errors/non-string-needles-will-be-interpreted-as-strings-in-the-future.-use-an-explicit-chr()-call-to-preserve-the-current-behavior.ini
No file feature known for datetime in errors/object-of-type-%s-has-not-been-correctly-initialized-by-calling-parent::__construct()-in-its-constructor.ini
No file feature known for math in errors/power-of-base-0-and-negative-exponent-is-deprecated.ini
No lower case name in code in errors/syntax-error,-unexpected-token-"use".ini
No file feature known for printf in errors/unknown-format-specifier-"%c.ini
No file feature known for array_key_exists in errors/using-array_key_exists()-on-objects-is-deprecated..ini
